<?xml version="1.0" encoding="UTF-8" ?>
<testsuite tests="26" failures="0" name="cucumber.Options.TestRunner" time="0.002" errors="0" skipped="0">
  <properties>
[...]
</properties>
  <testcase classname="| AHouse | English | World cross center |" name="Given Add Place Payload with &quot;AHouse&quot; &quot;English&quot; &quot;World cross center&quot;" time="0.002"/>
  <testcase classname="| AHouse | English | World cross center |" name="When User calls &quot;AddPlaceAPI&quot; with &quot;Post&quot; http request" time="0"/>
  <testcase classname="| AHouse | English | World cross center |" name="Then the API call is successful with Status code 200" time="0"/>
  <testcase classname="| AHouse | English | World cross center |" name="And &quot;status&quot; in response body is &quot;OK&quot;" time="0"/>
  <testcase classname="| AHouse | English | World cross center |" name="And &quot;scope&quot; in response body is &quot;APP&quot;" time="0"/>
  <testcase classname="| AHouse | English | World cross center |" name="And verify place_Id created maps to &quot;AHouse&quot; using &quot;getPlaceAPI&quot;" time="0"/>
  <testcase classname="| AHouse | English | World cross center |" name="| AHouse | English | World cross center |" time="0"/>
  <testcase classname="| Nagadhama | Kannada | Banashankari |" name="Given Add Place Payload with &quot;Nagadhama&quot; &quot;Kannada&quot; &quot;Banashankari&quot;" time="0"/>
  <testcase classname="| Nagadhama | Kannada | Banashankari |" name="When User calls &quot;AddPlaceAPI&quot; with &quot;Post&quot; http request" time="0"/>
  <testcase classname="| Nagadhama | Kannada | Banashankari |" name="Then the API call is successful with Status code 200" time="0"/>
  <testcase classname="| Nagadhama | Kannada | Banashankari |" name="And &quot;status&quot; in response body is &quot;OK&quot;" time="0"/>
  <testcase classname="| Nagadhama | Kannada | Banashankari |" name="And &quot;scope&quot; in response body is &quot;APP&quot;" time="0"/>
  <testcase classname="| Nagadhama | Kannada | Banashankari |" name="And verify place_Id created maps to &quot;Nagadhama&quot; using &quot;getPlaceAPI&quot;" time="0"/>
  <testcase classname="| Nagadhama | Kannada | Banashankari |" name="| Nagadhama | Kannada | Banashankari |" time="0"/>
  <testcase classname="| MariaHouse | French | Germany |" name="Given Add Place Payload with &quot;MariaHouse&quot; &quot;French&quot; &quot;Germany&quot;" time="0"/>
  <testcase classname="| MariaHouse | French | Germany |" name="When User calls &quot;AddPlaceAPI&quot; with &quot;Post&quot; http request" time="0"/>
  <testcase classname="| MariaHouse | French | Germany |" name="Then the API call is successful with Status code 200" time="0"/>
  <testcase classname="| MariaHouse | French | Germany |" name="And &quot;status&quot; in response body is &quot;OK&quot;" time="0"/>
  <testcase classname="| MariaHouse | French | Germany |" name="And &quot;scope&quot; in response body is &quot;APP&quot;" time="0"/>
  <testcase classname="| MariaHouse | French | Germany |" name="And verify place_Id created maps to &quot;MariaHouse&quot; using &quot;getPlaceAPI&quot;" time="0"/>
  <testcase classname="| MariaHouse | French | Germany |" name="| MariaHouse | French | Germany |" time="0"/>
  <testcase classname="Scenario: Verify if Delete Place functionality is working" name="Given DeletePlace Payload" time="0"/>
  <testcase classname="Scenario: Verify if Delete Place functionality is working" name="When User calls &quot;deletePlaceAPI&quot; with &quot;POST&quot; http request" time="0"/>
  <testcase classname="Scenario: Verify if Delete Place functionality is working" name="Then the API call is successful with Status code 200" time="0"/>
  <testcase classname="Scenario: Verify if Delete Place functionality is working" name="And &quot;status&quot; in response body is &quot;OK&quot;" time="0"/>
  <testcase classname="Scenario: Verify if Delete Place functionality is working" name="Scenario: Verify if Delete Place functionality is working" time="0"/>
</testsuite>